app/build/intermediates/manifest_merge_blame_file/debug/processDebugMainManifest/manifest-merger-blame-debug-report.txt
1<?xml version="1.0" encoding="utf-8"?>
2<manifest xmlns:android="http://schemas.android.com/apk/res/android"
3    package="com.example.grainclassifier"
4    android:versionCode="1"
5    android:versionName="1.0" >
6
7    <uses-sdk
8        android:minSdkVersion="24"
9        android:targetSdkVersion="33" />
10
11    <!-- Permissions for Image capturing and storage selection -->
12    <uses-permission android:name="android.permission.CAMERA" />
12-->src\main\AndroidManifest.xml:6:5-65
12-->src\main\AndroidManifest.xml:6:22-62
13    <uses-permission
13-->src\main\AndroidManifest.xml:7:5-107
14        android:name="android.permission.READ_EXTERNAL_STORAGE"
14-->src\main\AndroidManifest.xml:7:22-77
15        android:maxSdkVersion="32" />
15-->src\main\AndroidManifest.xml:7:78-104
16    <uses-permission android:name="android.permission.READ_MEDIA_IMAGES" />
16-->src\main\AndroidManifest.xml:8:5-76
16-->src\main\AndroidManifest.xml:8:22-73
17
18    <permission
18-->[androidx.core:core:1.9.0] AndroidManifest.xml:22:5-24:47
19        android:name="com.example.grainclassifier.DYNAMIC_RECEIVER_NOT_EXPORTED_PERMISSION"
19-->[androidx.core:core:1.9.0] AndroidManifest.xml:23:9-81
20        android:protectionLevel="signature" />
20-->[androidx.core:core:1.9.0] AndroidManifest.xml:24:9-44
21
22    <uses-permission android:name="com.example.grainclassifier.DYNAMIC_RECEIVER_NOT_EXPORTED_PERMISSION" />
22-->[androidx.core:core:1.9.0] AndroidManifest.xml:26:5-97
22-->[androidx.core:core:1.9.0] AndroidManifest.xml:26:22-94
23
24    <application
24-->src\main\AndroidManifest.xml:10:5-59:19
25        android:allowBackup="true"
25-->src\main\AndroidManifest.xml:11:9-35
26        android:appComponentFactory="androidx.core.app.CoreComponentFactory"
26-->[androidx.core:core:1.9.0] AndroidManifest.xml:28:18-86
27        android:debuggable="true"
28        android:extractNativeLibs="false"
29        android:icon="@android:drawable/sym_def_app_icon"
29-->src\main\AndroidManifest.xml:12:9-58
30        android:label="@string/app_name"
30-->src\main\AndroidManifest.xml:13:9-41
31        android:supportsRtl="true"
31-->src\main\AndroidManifest.xml:14:9-35
32        android:testOnly="true"
33        android:theme="@style/Theme.GrainClassifier" >
33-->src\main\AndroidManifest.xml:15:9-53
34
35        <!-- Splash Screen Activity (Launcher Entry Point) -->
36        <activity
36-->src\main\AndroidManifest.xml:19:9-28:20
37            android:name="com.example.grainclassifier.SplashActivity"
37-->src\main\AndroidManifest.xml:20:13-43
38            android:exported="true"
38-->src\main\AndroidManifest.xml:21:13-36
39            android:noHistory="true"
39-->src\main\AndroidManifest.xml:22:13-37
40            android:theme="@style/Theme.GrainClassifier" >
40-->src\main\AndroidManifest.xml:23:13-57
41            <intent-filter>
41-->src\main\AndroidManifest.xml:24:13-27:29
42                <action android:name="android.intent.action.MAIN" />
42-->src\main\AndroidManifest.xml:25:17-69
42-->src\main\AndroidManifest.xml:25:25-66
43
44                <category android:name="android.intent.category.LAUNCHER" />
44-->src\main\AndroidManifest.xml:26:17-77
44-->src\main\AndroidManifest.xml:26:27-74
45            </intent-filter>
46        </activity>
47
48        <!-- Main Home Screen Activity -->
49        <activity
49-->src\main\AndroidManifest.xml:31:9-34:60
50            android:name="com.example.grainclassifier.MainActivity"
50-->src\main\AndroidManifest.xml:32:13-41
51            android:exported="false"
51-->src\main\AndroidManifest.xml:33:13-37
52            android:theme="@style/Theme.GrainClassifier" />
52-->src\main\AndroidManifest.xml:34:13-57
53
54        <!-- Prediction Screen Activity -->
55        <activity
55-->src\main\AndroidManifest.xml:37:9-40:60
56            android:name="com.example.grainclassifier.PredictionActivity"
56-->src\main\AndroidManifest.xml:38:13-47
57            android:exported="false"
57-->src\main\AndroidManifest.xml:39:13-37
58            android:theme="@style/Theme.GrainClassifier" />
58-->src\main\AndroidManifest.xml:40:13-57
59
60        <!-- Result Screen Activity -->
61        <activity
61-->src\main\AndroidManifest.xml:43:9-46:60
62            android:name="com.example.grainclassifier.ResultActivity"
62-->src\main\AndroidManifest.xml:44:13-43
63            android:exported="false"
63-->src\main\AndroidManifest.xml:45:13-37
64            android:theme="@style/Theme.GrainClassifier" />
64-->src\main\AndroidManifest.xml:46:13-57
65
66        <!-- FileProvider for Secure Camera Image Sharing -->
67        <provider
67-->src\main\AndroidManifest.xml:49:9-57:20
68            android:name="androidx.core.content.FileProvider"
68-->src\main\AndroidManifest.xml:50:13-62
69            android:authorities="com.example.grainclassifier.fileprovider"
69-->src\main\AndroidManifest.xml:51:13-75
70            android:exported="false"
70-->src\main\AndroidManifest.xml:52:13-37
71            android:grantUriPermissions="true" >
71-->src\main\AndroidManifest.xml:53:13-47
72            <meta-data
72-->src\main\AndroidManifest.xml:54:13-56:54
73                android:name="android.support.FILE_PROVIDER_PATHS"
73-->src\main\AndroidManifest.xml:55:17-67
74                android:resource="@xml/file_paths" />
74-->src\main\AndroidManifest.xml:56:17-51
75        </provider>
76        <provider
76-->[androidx.emoji2:emoji2:1.2.0] AndroidManifest.xml:24:9-32:20
77            android:name="androidx.startup.InitializationProvider"
77-->[androidx.emoji2:emoji2:1.2.0] AndroidManifest.xml:25:13-67
78            android:authorities="com.example.grainclassifier.androidx-startup"
78-->[androidx.emoji2:emoji2:1.2.0] AndroidManifest.xml:26:13-68
79            android:exported="false" >
79-->[androidx.emoji2:emoji2:1.2.0] AndroidManifest.xml:27:13-37
80            <meta-data
80-->[androidx.emoji2:emoji2:1.2.0] AndroidManifest.xml:29:13-31:52
81                android:name="androidx.emoji2.text.EmojiCompatInitializer"
81-->[androidx.emoji2:emoji2:1.2.0] AndroidManifest.xml:30:17-75
82                android:value="androidx.startup" />
82-->[androidx.emoji2:emoji2:1.2.0] AndroidManifest.xml:31:17-49
83            <meta-data
83-->[androidx.lifecycle:lifecycle-process:2.6.1] AndroidManifest.xml:29:13-31:52
84                android:name="androidx.lifecycle.ProcessLifecycleInitializer"
84-->[androidx.lifecycle:lifecycle-process:2.6.1] AndroidManifest.xml:30:17-78
85                android:value="androidx.startup" />
85-->[androidx.lifecycle:lifecycle-process:2.6.1] AndroidManifest.xml:31:17-49
86            <meta-data
86-->[androidx.profileinstaller:profileinstaller:1.3.0] AndroidManifest.xml:29:13-31:52
87                android:name="androidx.profileinstaller.ProfileInstallerInitializer"
87-->[androidx.profileinstaller:profileinstaller:1.3.0] AndroidManifest.xml:30:17-85
88                android:value="androidx.startup" />
88-->[androidx.profileinstaller:profileinstaller:1.3.0] AndroidManifest.xml:31:17-49
89        </provider>
90
91        <receiver
91-->[androidx.profileinstaller:profileinstaller:1.3.0] AndroidManifest.xml:34:9-52:20
92            android:name="androidx.profileinstaller.ProfileInstallReceiver"
92-->[androidx.profileinstaller:profileinstaller:1.3.0] AndroidManifest.xml:35:13-76
93            android:directBootAware="false"
93-->[androidx.profileinstaller:profileinstaller:1.3.0] AndroidManifest.xml:36:13-44
94            android:enabled="true"
94-->[androidx.profileinstaller:profileinstaller:1.3.0] AndroidManifest.xml:37:13-35
95            android:exported="true"
95-->[androidx.profileinstaller:profileinstaller:1.3.0] AndroidManifest.xml:38:13-36
96            android:permission="android.permission.DUMP" >
96-->[androidx.profileinstaller:profileinstaller:1.3.0] AndroidManifest.xml:39:13-57
97            <intent-filter>
97-->[androidx.profileinstaller:profileinstaller:1.3.0] AndroidManifest.xml:40:13-42:29
98                <action android:name="androidx.profileinstaller.action.INSTALL_PROFILE" />
98-->[androidx.profileinstaller:profileinstaller:1.3.0] AndroidManifest.xml:41:17-91
98-->[androidx.profileinstaller:profileinstaller:1.3.0] AndroidManifest.xml:41:25-88
99            </intent-filter>
100            <intent-filter>
100-->[androidx.profileinstaller:profileinstaller:1.3.0] AndroidManifest.xml:43:13-45:29
101                <action android:name="androidx.profileinstaller.action.SKIP_FILE" />
101-->[androidx.profileinstaller:profileinstaller:1.3.0] AndroidManifest.xml:44:17-85
101-->[androidx.profileinstaller:profileinstaller:1.3.0] AndroidManifest.xml:44:25-82
102            </intent-filter>
103            <intent-filter>
103-->[androidx.profileinstaller:profileinstaller:1.3.0] AndroidManifest.xml:46:13-48:29
104                <action android:name="androidx.profileinstaller.action.SAVE_PROFILE" />
104-->[androidx.profileinstaller:profileinstaller:1.3.0] AndroidManifest.xml:47:17-88
104-->[androidx.profileinstaller:profileinstaller:1.3.0] AndroidManifest.xml:47:25-85
105            </intent-filter>
106            <intent-filter>
106-->[androidx.profileinstaller:profileinstaller:1.3.0] AndroidManifest.xml:49:13-51:29
107                <action android:name="androidx.profileinstaller.action.BENCHMARK_OPERATION" />
107-->[androidx.profileinstaller:profileinstaller:1.3.0] AndroidManifest.xml:50:17-95
107-->[androidx.profileinstaller:profileinstaller:1.3.0] AndroidManifest.xml:50:25-92
108            </intent-filter>
109        </receiver>
110    </application>
111
112</manifest>